[2024-09-05 02:22:46] Access token retrieved successfully.
[2024-09-05 02:22:47] Xero tenant ID retrieved: 131f6e19-fa4f-4713-8cec-7b9766a24cd1
[2024-09-05 02:22:47] Fetching customer data from Knack API.
[2024-09-05 02:22:49] Customer data successfully fetched from Knack API.
[2024-09-05 02:22:49] Customer created successfully in Xero. ContactID: 
[2024-09-05 02:22:50] Customer created successfully in Xero. ContactID: 
[2024-09-05 02:54:58] Access token retrieved successfully.
[2024-09-05 02:55:00] Xero tenant ID retrieved: 26fe17fb-c0f5-4b7a-8a11-35fbb3f4114f
[2024-09-05 02:55:00] Fetching customer data from Knack API.
[2024-09-05 02:55:01] Customer data successfully fetched from Knack API.
[2024-09-05 02:59:56] Access token retrieved successfully.
[2024-09-05 02:59:57] Xero tenant ID retrieved: 26fe17fb-c0f5-4b7a-8a11-35fbb3f4114f
[2024-09-05 02:59:57] Fetching customer data from Knack API.
[2024-09-05 02:59:59] Customer data successfully fetched from Knack API.
[2024-09-05 03:00:00] Customer created successfully in Xero. ContactID: 
[2024-09-05 03:00:01] Customer created successfully in Xero. ContactID: 
[2024-09-05 03:01:44] Access token retrieved successfully.
[2024-09-05 03:01:45] Xero tenant ID retrieved: 26fe17fb-c0f5-4b7a-8a11-35fbb3f4114f
[2024-09-05 03:01:45] Fetching customer data from Knack API.
[2024-09-05 03:01:46] Customer data successfully fetched from Knack API.
[2024-09-05 03:01:47] Customer created successfully in Xero. ContactID: 
[2024-09-05 03:01:48] Customer created successfully in Xero. ContactID: 
[2024-09-05 03:04:57] Access token retrieved successfully.
[2024-09-05 03:04:58] Xero tenant ID retrieved: 26fe17fb-c0f5-4b7a-8a11-35fbb3f4114f
[2024-09-05 03:04:58] Fetching customer data from Knack API.
[2024-09-05 03:05:00] Customer data successfully fetched from Knack API.
[2024-09-05 03:05:01] Customer created successfully in Xero. ContactID: 
[2024-09-05 03:05:02] Customer created successfully in Xero. ContactID: 
[2024-09-05 03:15:44] Access token retrieved successfully.
[2024-09-05 03:15:44] Xero tenant ID retrieved: 908cb23f-3bf2-4325-b362-9b95e8d73291
[2024-09-05 03:15:45] Fetching customer data from Knack API.
[2024-09-05 03:15:46] Customer data successfully fetched from Knack API.
[2024-09-05 03:15:47] Customer created successfully in Xero. ContactID: 
[2024-09-05 03:15:48] Customer created successfully in Xero. ContactID: 
[2024-09-05 03:21:44] Access token retrieved successfully.
[2024-09-05 03:21:45] Xero tenant ID retrieved: 908cb23f-3bf2-4325-b362-9b95e8d73291
[2024-09-05 03:21:45] Fetching customer data from Knack API.
[2024-09-05 03:21:47] Customer data successfully fetched from Knack API.
[2024-09-05 03:21:48] Customer created successfully in Xero. ContactID: VWsex
[2024-09-05 03:21:49] Customer created successfully in Xero. ContactID: Hassan Car Repairs
[2024-09-05 03:23:11] Access token retrieved successfully.
[2024-09-05 03:23:12] Xero tenant ID retrieved: 908cb23f-3bf2-4325-b362-9b95e8d73291
[2024-09-05 03:23:12] Fetching customer data from Knack API.
[2024-09-05 03:23:14] Customer data successfully fetched from Knack API.
[2024-09-05 03:23:15] Customer created successfully in Xero. Contact Name: VWsex
[2024-09-05 03:23:16] Customer created successfully in Xero. Contact Name: Hassan Car Repairs
[2024-09-05 07:53:03] Access token retrieved successfully.
[2024-09-05 07:53:04] Xero tenant ID retrieved: 908cb23f-3bf2-4325-b362-9b95e8d73291
[2024-09-05 07:53:05] Fetching customer data from Knack API.
[2024-09-05 07:53:06] Customer data successfully fetched from Knack API.
[2024-09-05 07:53:07] Customer created successfully in Xero. Contact Name: VWsex
[2024-09-05 07:53:08] Customer created successfully in Xero. Contact Name: Hassan Car Repairs
[2024-09-05 08:21:46] Access token retrieved successfully.
[2024-09-05 08:21:47] Xero tenant ID retrieved: 908cb23f-3bf2-4325-b362-9b95e8d73291
[2024-09-05 08:21:47] Fetching customer data from Knack API.
[2024-09-05 08:21:49] Customer data successfully fetched from Knack API.
[2024-09-05 08:21:50] Customer created successfully in Xero. Contact Name: VWsex
[2024-09-05 08:21:52] Customer record successfully updated in Knack (Customers) table. Record ID: 641146dd080c4006d1d048ee
[2024-09-05 08:21:53] Customer created successfully in Xero. Contact Name: Hassan Car Repairs
[2024-09-05 08:21:55] Customer record successfully updated in Knack (Customers) table. Record ID: 65ad9df3403b150028d61757
[2024-09-05 08:28:19] Access token retrieved successfully.
[2024-09-05 08:28:19] Xero tenant ID retrieved: 908cb23f-3bf2-4325-b362-9b95e8d73291
[2024-09-05 08:28:19] Fetching customer data from Knack API.
[2024-09-05 08:28:21] Customer data successfully fetched from Knack API.
